\BOOKMARK [0][-]{section*.2}{Contents}{}% 1
\BOOKMARK [0][-]{chapter.1}{Introduction}{}% 2
\BOOKMARK [0][-]{chapter.2}{The\040Structure\040of\040This\040Booklet}{}% 3
\BOOKMARK [1][-]{section.2.1}{Part\040One}{chapter.2}% 4
\BOOKMARK [1][-]{section.2.2}{Part\040Two}{chapter.2}% 5
\BOOKMARK [1][-]{section.2.3}{Part\040Three}{chapter.2}% 6
\BOOKMARK [0][-]{chapter.3}{LaTeX\040Documentation}{}% 7
\BOOKMARK [1][-]{section.3.1}{The\040Structure\040of\040LaTeX}{chapter.3}% 8
\BOOKMARK [1][-]{section.3.2}{A\040couple\040of\040Favourite\040Documentations}{chapter.3}% 9
\BOOKMARK [1][-]{section.3.3}{Summary\040So\040Far}{chapter.3}% 10
\BOOKMARK [1][-]{section.3.4}{Other\040Documentations}{chapter.3}% 11
\BOOKMARK [0][-]{chapter.4}{Deep\040Roots}{}% 12
\BOOKMARK [1][-]{section.4.1}{Design}{chapter.4}% 13
\BOOKMARK [1][-]{section.4.2}{Descriptive\040Markup}{chapter.4}% 14
\BOOKMARK [0][-]{chapter.5}{Online\040Resources}{}% 15
\BOOKMARK [1][-]{section.5.1}{A\040Few\040Words\040On\040Online\040Help}{chapter.5}% 16
\BOOKMARK [1][-]{section.5.2}{Online\040Help}{chapter.5}% 17
\BOOKMARK [1][-]{section.5.3}{Links\040to\040Documentation}{chapter.5}% 18
\BOOKMARK [1][-]{section.5.4}{Official\040Help}{chapter.5}% 19
\BOOKMARK [0][-]{chapter.6}{LaTeX\040at\040Work}{}% 20
\BOOKMARK [1][-]{section.6.1}{LaTeX\040Applied\040in\040a\040small\040non-technical\040workplace}{chapter.6}% 21
\BOOKMARK [0][-]{chapter.7}{LaTeX\040Workflow}{}% 22
\BOOKMARK [1][-]{section.7.1}{Installing\040LaTex,\040and\040Some\040Core\040features\040to\040note}{chapter.7}% 23
\BOOKMARK [1][-]{section.7.2}{How\040I\040use\040LaTeX\040Now}{chapter.7}% 24
\BOOKMARK [1][-]{section.7.3}{Good\040Workflow\040in\040LaTeX\040Code}{chapter.7}% 25
